2020-11-09 13:07:42 [scrapy.core.scraper] ERROR: Spider error processing <GET https://maoyan.com/board/4?offset=10> (referer: None)
Traceback (most recent call last):
  File "D:\softinstaller\installpython\lib\site-packages\scrapy\utils\defer.py", line 120, in iter_errback
    yield next(it)
  File "D:\softinstaller\installpython\lib\site-packages\scrapy\utils\python.py", line 353, in __next__
    return next(self.data)
  File "D:\softinstaller\installpython\lib\site-packages\scrapy\utils\python.py", line 353, in __next__
    return next(self.data)
  File "D:\softinstaller\installpython\lib\site-packages\scrapy\core\spidermw.py", line 62, in _evaluate_iterable
    for r in iterable:
  File "D:\softinstaller\installpython\lib\site-packages\scrapy\spidermiddlewares\offsite.py", line 29, in process_spider_output
    for x in result:
  File "D:\softinstaller\installpython\lib\site-packages\scrapy\core\spidermw.py", line 62, in _evaluate_iterable
    for r in iterable:
  File "D:\softinstaller\installpython\lib\site-packages\scrapy\spidermiddlewares\referer.py", line 340, in <genexpr>
    return (_set_referer(r) for r in result or ())
  File "D:\softinstaller\installpython\lib\site-packages\scrapy\core\spidermw.py", line 62, in _evaluate_iterable
    for r in iterable:
  File "D:\softinstaller\installpython\lib\site-packages\scrapy\spidermiddlewares\urllength.py", line 37, in <genexpr>
    return (r for r in result or () if _filter(r))
  File "D:\softinstaller\installpython\lib\site-packages\scrapy\core\spidermw.py", line 62, in _evaluate_iterable
    for r in iterable:
  File "D:\softinstaller\installpython\lib\site-packages\scrapy\spidermiddlewares\depth.py", line 58, in <genexpr>
    return (r for r in result or () if _filter(r))
  File "D:\softinstaller\installpython\lib\site-packages\scrapy\core\spidermw.py", line 62, in _evaluate_iterable
    for r in iterable:
  File "D:\工作\杨中林\学习资料\spider\day07\Maoyan\Maoyan\spiders\maoyan_request.py", line 36, in parse_film
    item.name = self.__get_value(dd, xpath_filmName)  # extract()
  File "D:\softinstaller\installpython\lib\site-packages\scrapy\item.py", line 111, in __setattr__
    raise AttributeError(f"Use item[{name!r}] = {value!r} to set field value")
AttributeError: Use item['name'] = '疯狂原始人' to set field value
2020-11-09 13:07:42 [scrapy.core.scraper] ERROR: Spider error processing <GET https://maoyan.com/board/4?offset=0> (referer: None)
Traceback (most recent call last):
  File "D:\softinstaller\installpython\lib\site-packages\scrapy\utils\defer.py", line 120, in iter_errback
    yield next(it)
  File "D:\softinstaller\installpython\lib\site-packages\scrapy\utils\python.py", line 353, in __next__
    return next(self.data)
  File "D:\softinstaller\installpython\lib\site-packages\scrapy\utils\python.py", line 353, in __next__
    return next(self.data)
  File "D:\softinstaller\installpython\lib\site-packages\scrapy\core\spidermw.py", line 62, in _evaluate_iterable
    for r in iterable:
  File "D:\softinstaller\installpython\lib\site-packages\scrapy\spidermiddlewares\offsite.py", line 29, in process_spider_output
    for x in result:
  File "D:\softinstaller\installpython\lib\site-packages\scrapy\core\spidermw.py", line 62, in _evaluate_iterable
    for r in iterable:
  File "D:\softinstaller\installpython\lib\site-packages\scrapy\spidermiddlewares\referer.py", line 340, in <genexpr>
    return (_set_referer(r) for r in result or ())
  File "D:\softinstaller\installpython\lib\site-packages\scrapy\core\spidermw.py", line 62, in _evaluate_iterable
    for r in iterable:
  File "D:\softinstaller\installpython\lib\site-packages\scrapy\spidermiddlewares\urllength.py", line 37, in <genexpr>
    return (r for r in result or () if _filter(r))
  File "D:\softinstaller\installpython\lib\site-packages\scrapy\core\spidermw.py", line 62, in _evaluate_iterable
    for r in iterable:
  File "D:\softinstaller\installpython\lib\site-packages\scrapy\spidermiddlewares\depth.py", line 58, in <genexpr>
    return (r for r in result or () if _filter(r))
  File "D:\softinstaller\installpython\lib\site-packages\scrapy\core\spidermw.py", line 62, in _evaluate_iterable
    for r in iterable:
  File "D:\工作\杨中林\学习资料\spider\day07\Maoyan\Maoyan\spiders\maoyan_request.py", line 36, in parse_film
    item.name = self.__get_value(dd, xpath_filmName)  # extract()
  File "D:\softinstaller\installpython\lib\site-packages\scrapy\item.py", line 111, in __setattr__
    raise AttributeError(f"Use item[{name!r}] = {value!r} to set field value")
AttributeError: Use item['name'] = '射雕英雄传之东成西就' to set field value
2020-11-09 13:07:42 [scrapy.core.scraper] ERROR: Spider error processing <GET https://maoyan.com/board/4?offset=50> (referer: None)
Traceback (most recent call last):
  File "D:\softinstaller\installpython\lib\site-packages\scrapy\utils\defer.py", line 120, in iter_errback
    yield next(it)
  File "D:\softinstaller\installpython\lib\site-packages\scrapy\utils\python.py", line 353, in __next__
    return next(self.data)
  File "D:\softinstaller\installpython\lib\site-packages\scrapy\utils\python.py", line 353, in __next__
    return next(self.data)
  File "D:\softinstaller\installpython\lib\site-packages\scrapy\core\spidermw.py", line 62, in _evaluate_iterable
    for r in iterable:
  File "D:\softinstaller\installpython\lib\site-packages\scrapy\spidermiddlewares\offsite.py", line 29, in process_spider_output
    for x in result:
  File "D:\softinstaller\installpython\lib\site-packages\scrapy\core\spidermw.py", line 62, in _evaluate_iterable
    for r in iterable:
  File "D:\softinstaller\installpython\lib\site-packages\scrapy\spidermiddlewares\referer.py", line 340, in <genexpr>
    return (_set_referer(r) for r in result or ())
  File "D:\softinstaller\installpython\lib\site-packages\scrapy\core\spidermw.py", line 62, in _evaluate_iterable
    for r in iterable:
  File "D:\softinstaller\installpython\lib\site-packages\scrapy\spidermiddlewares\urllength.py", line 37, in <genexpr>
    return (r for r in result or () if _filter(r))
  File "D:\softinstaller\installpython\lib\site-packages\scrapy\core\spidermw.py", line 62, in _evaluate_iterable
    for r in iterable:
  File "D:\softinstaller\installpython\lib\site-packages\scrapy\spidermiddlewares\depth.py", line 58, in <genexpr>
    return (r for r in result or () if _filter(r))
  File "D:\softinstaller\installpython\lib\site-packages\scrapy\core\spidermw.py", line 62, in _evaluate_iterable
    for r in iterable:
  File "D:\工作\杨中林\学习资料\spider\day07\Maoyan\Maoyan\spiders\maoyan_request.py", line 36, in parse_film
    item.name = self.__get_value(dd, xpath_filmName)  # extract()
  File "D:\softinstaller\installpython\lib\site-packages\scrapy\item.py", line 111, in __setattr__
    raise AttributeError(f"Use item[{name!r}] = {value!r} to set field value")
AttributeError: Use item['name'] = '本杰明·巴顿奇事' to set field value
2020-11-09 13:07:42 [scrapy.core.scraper] ERROR: Spider error processing <GET https://maoyan.com/board/4?offset=40> (referer: None)
Traceback (most recent call last):
  File "D:\softinstaller\installpython\lib\site-packages\scrapy\utils\defer.py", line 120, in iter_errback
    yield next(it)
  File "D:\softinstaller\installpython\lib\site-packages\scrapy\utils\python.py", line 353, in __next__
    return next(self.data)
  File "D:\softinstaller\installpython\lib\site-packages\scrapy\utils\python.py", line 353, in __next__
    return next(self.data)
  File "D:\softinstaller\installpython\lib\site-packages\scrapy\core\spidermw.py", line 62, in _evaluate_iterable
    for r in iterable:
  File "D:\softinstaller\installpython\lib\site-packages\scrapy\spidermiddlewares\offsite.py", line 29, in process_spider_output
    for x in result:
  File "D:\softinstaller\installpython\lib\site-packages\scrapy\core\spidermw.py", line 62, in _evaluate_iterable
    for r in iterable:
  File "D:\softinstaller\installpython\lib\site-packages\scrapy\spidermiddlewares\referer.py", line 340, in <genexpr>
    return (_set_referer(r) for r in result or ())
  File "D:\softinstaller\installpython\lib\site-packages\scrapy\core\spidermw.py", line 62, in _evaluate_iterable
    for r in iterable:
  File "D:\softinstaller\installpython\lib\site-packages\scrapy\spidermiddlewares\urllength.py", line 37, in <genexpr>
    return (r for r in result or () if _filter(r))
  File "D:\softinstaller\installpython\lib\site-packages\scrapy\core\spidermw.py", line 62, in _evaluate_iterable
    for r in iterable:
  File "D:\softinstaller\installpython\lib\site-packages\scrapy\spidermiddlewares\depth.py", line 58, in <genexpr>
    return (r for r in result or () if _filter(r))
  File "D:\softinstaller\installpython\lib\site-packages\scrapy\core\spidermw.py", line 62, in _evaluate_iterable
    for r in iterable:
  File "D:\工作\杨中林\学习资料\spider\day07\Maoyan\Maoyan\spiders\maoyan_request.py", line 36, in parse_film
    item.name = self.__get_value(dd, xpath_filmName)  # extract()
  File "D:\softinstaller\installpython\lib\site-packages\scrapy\item.py", line 111, in __setattr__
    raise AttributeError(f"Use item[{name!r}] = {value!r} to set field value")
AttributeError: Use item['name'] = '活着' to set field value
2020-11-09 13:07:42 [scrapy.core.scraper] ERROR: Spider error processing <GET https://maoyan.com/board/4?offset=30> (referer: None)
Traceback (most recent call last):
  File "D:\softinstaller\installpython\lib\site-packages\scrapy\utils\defer.py", line 120, in iter_errback
    yield next(it)
  File "D:\softinstaller\installpython\lib\site-packages\scrapy\utils\python.py", line 353, in __next__
    return next(self.data)
  File "D:\softinstaller\installpython\lib\site-packages\scrapy\utils\python.py", line 353, in __next__
    return next(self.data)
  File "D:\softinstaller\installpython\lib\site-packages\scrapy\core\spidermw.py", line 62, in _evaluate_iterable
    for r in iterable:
  File "D:\softinstaller\installpython\lib\site-packages\scrapy\spidermiddlewares\offsite.py", line 29, in process_spider_output
    for x in result:
  File "D:\softinstaller\installpython\lib\site-packages\scrapy\core\spidermw.py", line 62, in _evaluate_iterable
    for r in iterable:
  File "D:\softinstaller\installpython\lib\site-packages\scrapy\spidermiddlewares\referer.py", line 340, in <genexpr>
    return (_set_referer(r) for r in result or ())
  File "D:\softinstaller\installpython\lib\site-packages\scrapy\core\spidermw.py", line 62, in _evaluate_iterable
    for r in iterable:
  File "D:\softinstaller\installpython\lib\site-packages\scrapy\spidermiddlewares\urllength.py", line 37, in <genexpr>
    return (r for r in result or () if _filter(r))
  File "D:\softinstaller\installpython\lib\site-packages\scrapy\core\spidermw.py", line 62, in _evaluate_iterable
    for r in iterable:
  File "D:\softinstaller\installpython\lib\site-packages\scrapy\spidermiddlewares\depth.py", line 58, in <genexpr>
    return (r for r in result or () if _filter(r))
  File "D:\softinstaller\installpython\lib\site-packages\scrapy\core\spidermw.py", line 62, in _evaluate_iterable
    for r in iterable:
  File "D:\工作\杨中林\学习资料\spider\day07\Maoyan\Maoyan\spiders\maoyan_request.py", line 36, in parse_film
    item.name = self.__get_value(dd, xpath_filmName)  # extract()
  File "D:\softinstaller\installpython\lib\site-packages\scrapy\item.py", line 111, in __setattr__
    raise AttributeError(f"Use item[{name!r}] = {value!r} to set field value")
AttributeError: Use item['name'] = '迁徙的鸟' to set field value
2020-11-09 13:07:42 [scrapy.core.scraper] ERROR: Spider error processing <GET https://maoyan.com/board/4?offset=70> (referer: None)
Traceback (most recent call last):
  File "D:\softinstaller\installpython\lib\site-packages\scrapy\utils\defer.py", line 120, in iter_errback
    yield next(it)
  File "D:\softinstaller\installpython\lib\site-packages\scrapy\utils\python.py", line 353, in __next__
    return next(self.data)
  File "D:\softinstaller\installpython\lib\site-packages\scrapy\utils\python.py", line 353, in __next__
    return next(self.data)
  File "D:\softinstaller\installpython\lib\site-packages\scrapy\core\spidermw.py", line 62, in _evaluate_iterable
    for r in iterable:
  File "D:\softinstaller\installpython\lib\site-packages\scrapy\spidermiddlewares\offsite.py", line 29, in process_spider_output
    for x in result:
  File "D:\softinstaller\installpython\lib\site-packages\scrapy\core\spidermw.py", line 62, in _evaluate_iterable
    for r in iterable:
  File "D:\softinstaller\installpython\lib\site-packages\scrapy\spidermiddlewares\referer.py", line 340, in <genexpr>
    return (_set_referer(r) for r in result or ())
  File "D:\softinstaller\installpython\lib\site-packages\scrapy\core\spidermw.py", line 62, in _evaluate_iterable
    for r in iterable:
  File "D:\softinstaller\installpython\lib\site-packages\scrapy\spidermiddlewares\urllength.py", line 37, in <genexpr>
    return (r for r in result or () if _filter(r))
  File "D:\softinstaller\installpython\lib\site-packages\scrapy\core\spidermw.py", line 62, in _evaluate_iterable
    for r in iterable:
  File "D:\softinstaller\installpython\lib\site-packages\scrapy\spidermiddlewares\depth.py", line 58, in <genexpr>
    return (r for r in result or () if _filter(r))
  File "D:\softinstaller\installpython\lib\site-packages\scrapy\core\spidermw.py", line 62, in _evaluate_iterable
    for r in iterable:
  File "D:\工作\杨中林\学习资料\spider\day07\Maoyan\Maoyan\spiders\maoyan_request.py", line 36, in parse_film
    item.name = self.__get_value(dd, xpath_filmName)  # extract()
  File "D:\softinstaller\installpython\lib\site-packages\scrapy\item.py", line 111, in __setattr__
    raise AttributeError(f"Use item[{name!r}] = {value!r} to set field value")
AttributeError: Use item['name'] = '无敌破坏王' to set field value
2020-11-09 13:07:42 [scrapy.core.scraper] ERROR: Spider error processing <GET https://maoyan.com/board/4?offset=20> (referer: None)
Traceback (most recent call last):
  File "D:\softinstaller\installpython\lib\site-packages\scrapy\utils\defer.py", line 120, in iter_errback
    yield next(it)
  File "D:\softinstaller\installpython\lib\site-packages\scrapy\utils\python.py", line 353, in __next__
    return next(self.data)
  File "D:\softinstaller\installpython\lib\site-packages\scrapy\utils\python.py", line 353, in __next__
    return next(self.data)
  File "D:\softinstaller\installpython\lib\site-packages\scrapy\core\spidermw.py", line 62, in _evaluate_iterable
    for r in iterable:
  File "D:\softinstaller\installpython\lib\site-packages\scrapy\spidermiddlewares\offsite.py", line 29, in process_spider_output
    for x in result:
  File "D:\softinstaller\installpython\lib\site-packages\scrapy\core\spidermw.py", line 62, in _evaluate_iterable
    for r in iterable:
  File "D:\softinstaller\installpython\lib\site-packages\scrapy\spidermiddlewares\referer.py", line 340, in <genexpr>
    return (_set_referer(r) for r in result or ())
  File "D:\softinstaller\installpython\lib\site-packages\scrapy\core\spidermw.py", line 62, in _evaluate_iterable
    for r in iterable:
  File "D:\softinstaller\installpython\lib\site-packages\scrapy\spidermiddlewares\urllength.py", line 37, in <genexpr>
    return (r for r in result or () if _filter(r))
  File "D:\softinstaller\installpython\lib\site-packages\scrapy\core\spidermw.py", line 62, in _evaluate_iterable
    for r in iterable:
  File "D:\softinstaller\installpython\lib\site-packages\scrapy\spidermiddlewares\depth.py", line 58, in <genexpr>
    return (r for r in result or () if _filter(r))
  File "D:\softinstaller\installpython\lib\site-packages\scrapy\core\spidermw.py", line 62, in _evaluate_iterable
    for r in iterable:
  File "D:\工作\杨中林\学习资料\spider\day07\Maoyan\Maoyan\spiders\maoyan_request.py", line 36, in parse_film
    item.name = self.__get_value(dd, xpath_filmName)  # extract()
  File "D:\softinstaller\installpython\lib\site-packages\scrapy\item.py", line 111, in __setattr__
    raise AttributeError(f"Use item[{name!r}] = {value!r} to set field value")
AttributeError: Use item['name'] = '飞越疯人院' to set field value
2020-11-09 13:07:42 [scrapy.core.scraper] ERROR: Spider error processing <GET https://maoyan.com/board/4?offset=60> (referer: None)
Traceback (most recent call last):
  File "D:\softinstaller\installpython\lib\site-packages\scrapy\utils\defer.py", line 120, in iter_errback
    yield next(it)
  File "D:\softinstaller\installpython\lib\site-packages\scrapy\utils\python.py", line 353, in __next__
    return next(self.data)
  File "D:\softinstaller\installpython\lib\site-packages\scrapy\utils\python.py", line 353, in __next__
    return next(self.data)
  File "D:\softinstaller\installpython\lib\site-packages\scrapy\core\spidermw.py", line 62, in _evaluate_iterable
    for r in iterable:
  File "D:\softinstaller\installpython\lib\site-packages\scrapy\spidermiddlewares\offsite.py", line 29, in process_spider_output
    for x in result:
  File "D:\softinstaller\installpython\lib\site-packages\scrapy\core\spidermw.py", line 62, in _evaluate_iterable
    for r in iterable:
  File "D:\softinstaller\installpython\lib\site-packages\scrapy\spidermiddlewares\referer.py", line 340, in <genexpr>
    return (_set_referer(r) for r in result or ())
  File "D:\softinstaller\installpython\lib\site-packages\scrapy\core\spidermw.py", line 62, in _evaluate_iterable
    for r in iterable:
  File "D:\softinstaller\installpython\lib\site-packages\scrapy\spidermiddlewares\urllength.py", line 37, in <genexpr>
    return (r for r in result or () if _filter(r))
  File "D:\softinstaller\installpython\lib\site-packages\scrapy\core\spidermw.py", line 62, in _evaluate_iterable
    for r in iterable:
  File "D:\softinstaller\installpython\lib\site-packages\scrapy\spidermiddlewares\depth.py", line 58, in <genexpr>
    return (r for r in result or () if _filter(r))
  File "D:\softinstaller\installpython\lib\site-packages\scrapy\core\spidermw.py", line 62, in _evaluate_iterable
    for r in iterable:
  File "D:\工作\杨中林\学习资料\spider\day07\Maoyan\Maoyan\spiders\maoyan_request.py", line 36, in parse_film
    item.name = self.__get_value(dd, xpath_filmName)  # extract()
  File "D:\softinstaller\installpython\lib\site-packages\scrapy\item.py", line 111, in __setattr__
    raise AttributeError(f"Use item[{name!r}] = {value!r} to set field value")
AttributeError: Use item['name'] = '大话西游之月光宝盒' to set field value
2020-11-09 13:07:42 [scrapy.core.scraper] ERROR: Spider error processing <GET https://maoyan.com/board/4?offset=80> (referer: None)
Traceback (most recent call last):
  File "D:\softinstaller\installpython\lib\site-packages\scrapy\utils\defer.py", line 120, in iter_errback
    yield next(it)
  File "D:\softinstaller\installpython\lib\site-packages\scrapy\utils\python.py", line 353, in __next__
    return next(self.data)
  File "D:\softinstaller\installpython\lib\site-packages\scrapy\utils\python.py", line 353, in __next__
    return next(self.data)
  File "D:\softinstaller\installpython\lib\site-packages\scrapy\core\spidermw.py", line 62, in _evaluate_iterable
    for r in iterable:
  File "D:\softinstaller\installpython\lib\site-packages\scrapy\spidermiddlewares\offsite.py", line 29, in process_spider_output
    for x in result:
  File "D:\softinstaller\installpython\lib\site-packages\scrapy\core\spidermw.py", line 62, in _evaluate_iterable
    for r in iterable:
  File "D:\softinstaller\installpython\lib\site-packages\scrapy\spidermiddlewares\referer.py", line 340, in <genexpr>
    return (_set_referer(r) for r in result or ())
  File "D:\softinstaller\installpython\lib\site-packages\scrapy\core\spidermw.py", line 62, in _evaluate_iterable
    for r in iterable:
  File "D:\softinstaller\installpython\lib\site-packages\scrapy\spidermiddlewares\urllength.py", line 37, in <genexpr>
    return (r for r in result or () if _filter(r))
  File "D:\softinstaller\installpython\lib\site-packages\scrapy\core\spidermw.py", line 62, in _evaluate_iterable
    for r in iterable:
  File "D:\softinstaller\installpython\lib\site-packages\scrapy\spidermiddlewares\depth.py", line 58, in <genexpr>
    return (r for r in result or () if _filter(r))
  File "D:\softinstaller\installpython\lib\site-packages\scrapy\core\spidermw.py", line 62, in _evaluate_iterable
    for r in iterable:
  File "D:\工作\杨中林\学习资料\spider\day07\Maoyan\Maoyan\spiders\maoyan_request.py", line 36, in parse_film
    item.name = self.__get_value(dd, xpath_filmName)  # extract()
  File "D:\softinstaller\installpython\lib\site-packages\scrapy\item.py", line 111, in __setattr__
    raise AttributeError(f"Use item[{name!r}] = {value!r} to set field value")
AttributeError: Use item['name'] = '穿条纹睡衣的男孩' to set field value
2020-11-09 13:07:42 [scrapy.core.scraper] ERROR: Spider error processing <GET https://maoyan.com/board/4?offset=90> (referer: None)
Traceback (most recent call last):
  File "D:\softinstaller\installpython\lib\site-packages\scrapy\utils\defer.py", line 120, in iter_errback
    yield next(it)
  File "D:\softinstaller\installpython\lib\site-packages\scrapy\utils\python.py", line 353, in __next__
    return next(self.data)
  File "D:\softinstaller\installpython\lib\site-packages\scrapy\utils\python.py", line 353, in __next__
    return next(self.data)
  File "D:\softinstaller\installpython\lib\site-packages\scrapy\core\spidermw.py", line 62, in _evaluate_iterable
    for r in iterable:
  File "D:\softinstaller\installpython\lib\site-packages\scrapy\spidermiddlewares\offsite.py", line 29, in process_spider_output
    for x in result:
  File "D:\softinstaller\installpython\lib\site-packages\scrapy\core\spidermw.py", line 62, in _evaluate_iterable
    for r in iterable:
  File "D:\softinstaller\installpython\lib\site-packages\scrapy\spidermiddlewares\referer.py", line 340, in <genexpr>
    return (_set_referer(r) for r in result or ())
  File "D:\softinstaller\installpython\lib\site-packages\scrapy\core\spidermw.py", line 62, in _evaluate_iterable
    for r in iterable:
  File "D:\softinstaller\installpython\lib\site-packages\scrapy\spidermiddlewares\urllength.py", line 37, in <genexpr>
    return (r for r in result or () if _filter(r))
  File "D:\softinstaller\installpython\lib\site-packages\scrapy\core\spidermw.py", line 62, in _evaluate_iterable
    for r in iterable:
  File "D:\softinstaller\installpython\lib\site-packages\scrapy\spidermiddlewares\depth.py", line 58, in <genexpr>
    return (r for r in result or () if _filter(r))
  File "D:\softinstaller\installpython\lib\site-packages\scrapy\core\spidermw.py", line 62, in _evaluate_iterable
    for r in iterable:
  File "D:\工作\杨中林\学习资料\spider\day07\Maoyan\Maoyan\spiders\maoyan_request.py", line 36, in parse_film
    item.name = self.__get_value(dd, xpath_filmName)  # extract()
  File "D:\softinstaller\installpython\lib\site-packages\scrapy\item.py", line 111, in __setattr__
    raise AttributeError(f"Use item[{name!r}] = {value!r} to set field value")
AttributeError: Use item['name'] = '阿飞正传' to set field value
2020-11-09 13:08:57 [scrapy.core.scraper] ERROR: Spider error processing <GET https://maoyan.com/board/4?offset=0> (referer: None)
Traceback (most recent call last):
  File "D:\softinstaller\installpython\lib\site-packages\scrapy\utils\defer.py", line 120, in iter_errback
    yield next(it)
  File "D:\softinstaller\installpython\lib\site-packages\scrapy\utils\python.py", line 353, in __next__
    return next(self.data)
  File "D:\softinstaller\installpython\lib\site-packages\scrapy\utils\python.py", line 353, in __next__
    return next(self.data)
  File "D:\softinstaller\installpython\lib\site-packages\scrapy\core\spidermw.py", line 62, in _evaluate_iterable
    for r in iterable:
  File "D:\softinstaller\installpython\lib\site-packages\scrapy\spidermiddlewares\offsite.py", line 29, in process_spider_output
    for x in result:
  File "D:\softinstaller\installpython\lib\site-packages\scrapy\core\spidermw.py", line 62, in _evaluate_iterable
    for r in iterable:
  File "D:\softinstaller\installpython\lib\site-packages\scrapy\spidermiddlewares\referer.py", line 340, in <genexpr>
    return (_set_referer(r) for r in result or ())
  File "D:\softinstaller\installpython\lib\site-packages\scrapy\core\spidermw.py", line 62, in _evaluate_iterable
    for r in iterable:
  File "D:\softinstaller\installpython\lib\site-packages\scrapy\spidermiddlewares\urllength.py", line 37, in <genexpr>
    return (r for r in result or () if _filter(r))
  File "D:\softinstaller\installpython\lib\site-packages\scrapy\core\spidermw.py", line 62, in _evaluate_iterable
    for r in iterable:
  File "D:\softinstaller\installpython\lib\site-packages\scrapy\spidermiddlewares\depth.py", line 58, in <genexpr>
    return (r for r in result or () if _filter(r))
  File "D:\softinstaller\installpython\lib\site-packages\scrapy\core\spidermw.py", line 62, in _evaluate_iterable
    for r in iterable:
  File "D:\工作\杨中林\学习资料\spider\day07\Maoyan\Maoyan\spiders\maoyan_request.py", line 36, in parse_film
    item.name = self.__get_value(dd, xpath_filmName)  # extract()
  File "D:\softinstaller\installpython\lib\site-packages\scrapy\item.py", line 111, in __setattr__
    raise AttributeError(f"Use item[{name!r}] = {value!r} to set field value")
AttributeError: Use item['name'] = '射雕英雄传之东成西就' to set field value
2020-11-09 13:08:57 [scrapy.core.scraper] ERROR: Spider error processing <GET https://maoyan.com/board/4?offset=10> (referer: None)
Traceback (most recent call last):
  File "D:\softinstaller\installpython\lib\site-packages\scrapy\utils\defer.py", line 120, in iter_errback
    yield next(it)
  File "D:\softinstaller\installpython\lib\site-packages\scrapy\utils\python.py", line 353, in __next__
    return next(self.data)
  File "D:\softinstaller\installpython\lib\site-packages\scrapy\utils\python.py", line 353, in __next__
    return next(self.data)
  File "D:\softinstaller\installpython\lib\site-packages\scrapy\core\spidermw.py", line 62, in _evaluate_iterable
    for r in iterable:
  File "D:\softinstaller\installpython\lib\site-packages\scrapy\spidermiddlewares\offsite.py", line 29, in process_spider_output
    for x in result:
  File "D:\softinstaller\installpython\lib\site-packages\scrapy\core\spidermw.py", line 62, in _evaluate_iterable
    for r in iterable:
  File "D:\softinstaller\installpython\lib\site-packages\scrapy\spidermiddlewares\referer.py", line 340, in <genexpr>
    return (_set_referer(r) for r in result or ())
  File "D:\softinstaller\installpython\lib\site-packages\scrapy\core\spidermw.py", line 62, in _evaluate_iterable
    for r in iterable:
  File "D:\softinstaller\installpython\lib\site-packages\scrapy\spidermiddlewares\urllength.py", line 37, in <genexpr>
    return (r for r in result or () if _filter(r))
  File "D:\softinstaller\installpython\lib\site-packages\scrapy\core\spidermw.py", line 62, in _evaluate_iterable
    for r in iterable:
  File "D:\softinstaller\installpython\lib\site-packages\scrapy\spidermiddlewares\depth.py", line 58, in <genexpr>
    return (r for r in result or () if _filter(r))
  File "D:\softinstaller\installpython\lib\site-packages\scrapy\core\spidermw.py", line 62, in _evaluate_iterable
    for r in iterable:
  File "D:\工作\杨中林\学习资料\spider\day07\Maoyan\Maoyan\spiders\maoyan_request.py", line 36, in parse_film
    item.name = self.__get_value(dd, xpath_filmName)  # extract()
  File "D:\softinstaller\installpython\lib\site-packages\scrapy\item.py", line 111, in __setattr__
    raise AttributeError(f"Use item[{name!r}] = {value!r} to set field value")
AttributeError: Use item['name'] = '疯狂原始人' to set field value
2020-11-09 13:08:57 [scrapy.core.scraper] ERROR: Spider error processing <GET https://maoyan.com/board/4?offset=20> (referer: None)
Traceback (most recent call last):
  File "D:\softinstaller\installpython\lib\site-packages\scrapy\utils\defer.py", line 120, in iter_errback
    yield next(it)
  File "D:\softinstaller\installpython\lib\site-packages\scrapy\utils\python.py", line 353, in __next__
    return next(self.data)
  File "D:\softinstaller\installpython\lib\site-packages\scrapy\utils\python.py", line 353, in __next__
    return next(self.data)
  File "D:\softinstaller\installpython\lib\site-packages\scrapy\core\spidermw.py", line 62, in _evaluate_iterable
    for r in iterable:
  File "D:\softinstaller\installpython\lib\site-packages\scrapy\spidermiddlewares\offsite.py", line 29, in process_spider_output
    for x in result:
  File "D:\softinstaller\installpython\lib\site-packages\scrapy\core\spidermw.py", line 62, in _evaluate_iterable
    for r in iterable:
  File "D:\softinstaller\installpython\lib\site-packages\scrapy\spidermiddlewares\referer.py", line 340, in <genexpr>
    return (_set_referer(r) for r in result or ())
  File "D:\softinstaller\installpython\lib\site-packages\scrapy\core\spidermw.py", line 62, in _evaluate_iterable
    for r in iterable:
  File "D:\softinstaller\installpython\lib\site-packages\scrapy\spidermiddlewares\urllength.py", line 37, in <genexpr>
    return (r for r in result or () if _filter(r))
  File "D:\softinstaller\installpython\lib\site-packages\scrapy\core\spidermw.py", line 62, in _evaluate_iterable
    for r in iterable:
  File "D:\softinstaller\installpython\lib\site-packages\scrapy\spidermiddlewares\depth.py", line 58, in <genexpr>
    return (r for r in result or () if _filter(r))
  File "D:\softinstaller\installpython\lib\site-packages\scrapy\core\spidermw.py", line 62, in _evaluate_iterable
    for r in iterable:
  File "D:\工作\杨中林\学习资料\spider\day07\Maoyan\Maoyan\spiders\maoyan_request.py", line 36, in parse_film
    item.name = self.__get_value(dd, xpath_filmName)  # extract()
  File "D:\softinstaller\installpython\lib\site-packages\scrapy\item.py", line 111, in __setattr__
    raise AttributeError(f"Use item[{name!r}] = {value!r} to set field value")
AttributeError: Use item['name'] = '飞越疯人院' to set field value
2020-11-09 13:08:57 [scrapy.core.scraper] ERROR: Spider error processing <GET https://maoyan.com/board/4?offset=70> (referer: None)
Traceback (most recent call last):
  File "D:\softinstaller\installpython\lib\site-packages\scrapy\utils\defer.py", line 120, in iter_errback
    yield next(it)
  File "D:\softinstaller\installpython\lib\site-packages\scrapy\utils\python.py", line 353, in __next__
    return next(self.data)
  File "D:\softinstaller\installpython\lib\site-packages\scrapy\utils\python.py", line 353, in __next__
    return next(self.data)
  File "D:\softinstaller\installpython\lib\site-packages\scrapy\core\spidermw.py", line 62, in _evaluate_iterable
    for r in iterable:
  File "D:\softinstaller\installpython\lib\site-packages\scrapy\spidermiddlewares\offsite.py", line 29, in process_spider_output
    for x in result:
  File "D:\softinstaller\installpython\lib\site-packages\scrapy\core\spidermw.py", line 62, in _evaluate_iterable
    for r in iterable:
  File "D:\softinstaller\installpython\lib\site-packages\scrapy\spidermiddlewares\referer.py", line 340, in <genexpr>
    return (_set_referer(r) for r in result or ())
  File "D:\softinstaller\installpython\lib\site-packages\scrapy\core\spidermw.py", line 62, in _evaluate_iterable
    for r in iterable:
  File "D:\softinstaller\installpython\lib\site-packages\scrapy\spidermiddlewares\urllength.py", line 37, in <genexpr>
    return (r for r in result or () if _filter(r))
  File "D:\softinstaller\installpython\lib\site-packages\scrapy\core\spidermw.py", line 62, in _evaluate_iterable
    for r in iterable:
  File "D:\softinstaller\installpython\lib\site-packages\scrapy\spidermiddlewares\depth.py", line 58, in <genexpr>
    return (r for r in result or () if _filter(r))
  File "D:\softinstaller\installpython\lib\site-packages\scrapy\core\spidermw.py", line 62, in _evaluate_iterable
    for r in iterable:
  File "D:\工作\杨中林\学习资料\spider\day07\Maoyan\Maoyan\spiders\maoyan_request.py", line 36, in parse_film
    item.name = self.__get_value(dd, xpath_filmName)  # extract()
  File "D:\softinstaller\installpython\lib\site-packages\scrapy\item.py", line 111, in __setattr__
    raise AttributeError(f"Use item[{name!r}] = {value!r} to set field value")
AttributeError: Use item['name'] = '无敌破坏王' to set field value
2020-11-09 13:08:57 [scrapy.core.scraper] ERROR: Spider error processing <GET https://maoyan.com/board/4?offset=50> (referer: None)
Traceback (most recent call last):
  File "D:\softinstaller\installpython\lib\site-packages\scrapy\utils\defer.py", line 120, in iter_errback
    yield next(it)
  File "D:\softinstaller\installpython\lib\site-packages\scrapy\utils\python.py", line 353, in __next__
    return next(self.data)
  File "D:\softinstaller\installpython\lib\site-packages\scrapy\utils\python.py", line 353, in __next__
    return next(self.data)
  File "D:\softinstaller\installpython\lib\site-packages\scrapy\core\spidermw.py", line 62, in _evaluate_iterable
    for r in iterable:
  File "D:\softinstaller\installpython\lib\site-packages\scrapy\spidermiddlewares\offsite.py", line 29, in process_spider_output
    for x in result:
  File "D:\softinstaller\installpython\lib\site-packages\scrapy\core\spidermw.py", line 62, in _evaluate_iterable
    for r in iterable:
  File "D:\softinstaller\installpython\lib\site-packages\scrapy\spidermiddlewares\referer.py", line 340, in <genexpr>
    return (_set_referer(r) for r in result or ())
  File "D:\softinstaller\installpython\lib\site-packages\scrapy\core\spidermw.py", line 62, in _evaluate_iterable
    for r in iterable:
  File "D:\softinstaller\installpython\lib\site-packages\scrapy\spidermiddlewares\urllength.py", line 37, in <genexpr>
    return (r for r in result or () if _filter(r))
  File "D:\softinstaller\installpython\lib\site-packages\scrapy\core\spidermw.py", line 62, in _evaluate_iterable
    for r in iterable:
  File "D:\softinstaller\installpython\lib\site-packages\scrapy\spidermiddlewares\depth.py", line 58, in <genexpr>
    return (r for r in result or () if _filter(r))
  File "D:\softinstaller\installpython\lib\site-packages\scrapy\core\spidermw.py", line 62, in _evaluate_iterable
    for r in iterable:
  File "D:\工作\杨中林\学习资料\spider\day07\Maoyan\Maoyan\spiders\maoyan_request.py", line 36, in parse_film
    item.name = self.__get_value(dd, xpath_filmName)  # extract()
  File "D:\softinstaller\installpython\lib\site-packages\scrapy\item.py", line 111, in __setattr__
    raise AttributeError(f"Use item[{name!r}] = {value!r} to set field value")
AttributeError: Use item['name'] = '本杰明·巴顿奇事' to set field value
2020-11-09 13:08:57 [scrapy.core.scraper] ERROR: Spider error processing <GET https://maoyan.com/board/4?offset=60> (referer: None)
Traceback (most recent call last):
  File "D:\softinstaller\installpython\lib\site-packages\scrapy\utils\defer.py", line 120, in iter_errback
    yield next(it)
  File "D:\softinstaller\installpython\lib\site-packages\scrapy\utils\python.py", line 353, in __next__
    return next(self.data)
  File "D:\softinstaller\installpython\lib\site-packages\scrapy\utils\python.py", line 353, in __next__
    return next(self.data)
  File "D:\softinstaller\installpython\lib\site-packages\scrapy\core\spidermw.py", line 62, in _evaluate_iterable
    for r in iterable:
  File "D:\softinstaller\installpython\lib\site-packages\scrapy\spidermiddlewares\offsite.py", line 29, in process_spider_output
    for x in result:
  File "D:\softinstaller\installpython\lib\site-packages\scrapy\core\spidermw.py", line 62, in _evaluate_iterable
    for r in iterable:
  File "D:\softinstaller\installpython\lib\site-packages\scrapy\spidermiddlewares\referer.py", line 340, in <genexpr>
    return (_set_referer(r) for r in result or ())
  File "D:\softinstaller\installpython\lib\site-packages\scrapy\core\spidermw.py", line 62, in _evaluate_iterable
    for r in iterable:
  File "D:\softinstaller\installpython\lib\site-packages\scrapy\spidermiddlewares\urllength.py", line 37, in <genexpr>
    return (r for r in result or () if _filter(r))
  File "D:\softinstaller\installpython\lib\site-packages\scrapy\core\spidermw.py", line 62, in _evaluate_iterable
    for r in iterable:
  File "D:\softinstaller\installpython\lib\site-packages\scrapy\spidermiddlewares\depth.py", line 58, in <genexpr>
    return (r for r in result or () if _filter(r))
  File "D:\softinstaller\installpython\lib\site-packages\scrapy\core\spidermw.py", line 62, in _evaluate_iterable
    for r in iterable:
  File "D:\工作\杨中林\学习资料\spider\day07\Maoyan\Maoyan\spiders\maoyan_request.py", line 36, in parse_film
    item.name = self.__get_value(dd, xpath_filmName)  # extract()
  File "D:\softinstaller\installpython\lib\site-packages\scrapy\item.py", line 111, in __setattr__
    raise AttributeError(f"Use item[{name!r}] = {value!r} to set field value")
AttributeError: Use item['name'] = '大话西游之月光宝盒' to set field value
2020-11-09 13:08:57 [scrapy.core.scraper] ERROR: Spider error processing <GET https://maoyan.com/board/4?offset=40> (referer: None)
Traceback (most recent call last):
  File "D:\softinstaller\installpython\lib\site-packages\scrapy\utils\defer.py", line 120, in iter_errback
    yield next(it)
  File "D:\softinstaller\installpython\lib\site-packages\scrapy\utils\python.py", line 353, in __next__
    return next(self.data)
  File "D:\softinstaller\installpython\lib\site-packages\scrapy\utils\python.py", line 353, in __next__
    return next(self.data)
  File "D:\softinstaller\installpython\lib\site-packages\scrapy\core\spidermw.py", line 62, in _evaluate_iterable
    for r in iterable:
  File "D:\softinstaller\installpython\lib\site-packages\scrapy\spidermiddlewares\offsite.py", line 29, in process_spider_output
    for x in result:
  File "D:\softinstaller\installpython\lib\site-packages\scrapy\core\spidermw.py", line 62, in _evaluate_iterable
    for r in iterable:
  File "D:\softinstaller\installpython\lib\site-packages\scrapy\spidermiddlewares\referer.py", line 340, in <genexpr>
    return (_set_referer(r) for r in result or ())
  File "D:\softinstaller\installpython\lib\site-packages\scrapy\core\spidermw.py", line 62, in _evaluate_iterable
    for r in iterable:
  File "D:\softinstaller\installpython\lib\site-packages\scrapy\spidermiddlewares\urllength.py", line 37, in <genexpr>
    return (r for r in result or () if _filter(r))
  File "D:\softinstaller\installpython\lib\site-packages\scrapy\core\spidermw.py", line 62, in _evaluate_iterable
    for r in iterable:
  File "D:\softinstaller\installpython\lib\site-packages\scrapy\spidermiddlewares\depth.py", line 58, in <genexpr>
    return (r for r in result or () if _filter(r))
  File "D:\softinstaller\installpython\lib\site-packages\scrapy\core\spidermw.py", line 62, in _evaluate_iterable
    for r in iterable:
  File "D:\工作\杨中林\学习资料\spider\day07\Maoyan\Maoyan\spiders\maoyan_request.py", line 36, in parse_film
    item.name = self.__get_value(dd, xpath_filmName)  # extract()
  File "D:\softinstaller\installpython\lib\site-packages\scrapy\item.py", line 111, in __setattr__
    raise AttributeError(f"Use item[{name!r}] = {value!r} to set field value")
AttributeError: Use item['name'] = '活着' to set field value
2020-11-09 13:08:57 [scrapy.core.scraper] ERROR: Spider error processing <GET https://maoyan.com/board/4?offset=80> (referer: None)
Traceback (most recent call last):
  File "D:\softinstaller\installpython\lib\site-packages\scrapy\utils\defer.py", line 120, in iter_errback
    yield next(it)
  File "D:\softinstaller\installpython\lib\site-packages\scrapy\utils\python.py", line 353, in __next__
    return next(self.data)
  File "D:\softinstaller\installpython\lib\site-packages\scrapy\utils\python.py", line 353, in __next__
    return next(self.data)
  File "D:\softinstaller\installpython\lib\site-packages\scrapy\core\spidermw.py", line 62, in _evaluate_iterable
    for r in iterable:
  File "D:\softinstaller\installpython\lib\site-packages\scrapy\spidermiddlewares\offsite.py", line 29, in process_spider_output
    for x in result:
  File "D:\softinstaller\installpython\lib\site-packages\scrapy\core\spidermw.py", line 62, in _evaluate_iterable
    for r in iterable:
  File "D:\softinstaller\installpython\lib\site-packages\scrapy\spidermiddlewares\referer.py", line 340, in <genexpr>
    return (_set_referer(r) for r in result or ())
  File "D:\softinstaller\installpython\lib\site-packages\scrapy\core\spidermw.py", line 62, in _evaluate_iterable
    for r in iterable:
  File "D:\softinstaller\installpython\lib\site-packages\scrapy\spidermiddlewares\urllength.py", line 37, in <genexpr>
    return (r for r in result or () if _filter(r))
  File "D:\softinstaller\installpython\lib\site-packages\scrapy\core\spidermw.py", line 62, in _evaluate_iterable
    for r in iterable:
  File "D:\softinstaller\installpython\lib\site-packages\scrapy\spidermiddlewares\depth.py", line 58, in <genexpr>
    return (r for r in result or () if _filter(r))
  File "D:\softinstaller\installpython\lib\site-packages\scrapy\core\spidermw.py", line 62, in _evaluate_iterable
    for r in iterable:
  File "D:\工作\杨中林\学习资料\spider\day07\Maoyan\Maoyan\spiders\maoyan_request.py", line 36, in parse_film
    item.name = self.__get_value(dd, xpath_filmName)  # extract()
  File "D:\softinstaller\installpython\lib\site-packages\scrapy\item.py", line 111, in __setattr__
    raise AttributeError(f"Use item[{name!r}] = {value!r} to set field value")
AttributeError: Use item['name'] = '穿条纹睡衣的男孩' to set field value
2020-11-09 13:08:57 [scrapy.core.scraper] ERROR: Spider error processing <GET https://maoyan.com/board/4?offset=30> (referer: None)
Traceback (most recent call last):
  File "D:\softinstaller\installpython\lib\site-packages\scrapy\utils\defer.py", line 120, in iter_errback
    yield next(it)
  File "D:\softinstaller\installpython\lib\site-packages\scrapy\utils\python.py", line 353, in __next__
    return next(self.data)
  File "D:\softinstaller\installpython\lib\site-packages\scrapy\utils\python.py", line 353, in __next__
    return next(self.data)
  File "D:\softinstaller\installpython\lib\site-packages\scrapy\core\spidermw.py", line 62, in _evaluate_iterable
    for r in iterable:
  File "D:\softinstaller\installpython\lib\site-packages\scrapy\spidermiddlewares\offsite.py", line 29, in process_spider_output
    for x in result:
  File "D:\softinstaller\installpython\lib\site-packages\scrapy\core\spidermw.py", line 62, in _evaluate_iterable
    for r in iterable:
  File "D:\softinstaller\installpython\lib\site-packages\scrapy\spidermiddlewares\referer.py", line 340, in <genexpr>
    return (_set_referer(r) for r in result or ())
  File "D:\softinstaller\installpython\lib\site-packages\scrapy\core\spidermw.py", line 62, in _evaluate_iterable
    for r in iterable:
  File "D:\softinstaller\installpython\lib\site-packages\scrapy\spidermiddlewares\urllength.py", line 37, in <genexpr>
    return (r for r in result or () if _filter(r))
  File "D:\softinstaller\installpython\lib\site-packages\scrapy\core\spidermw.py", line 62, in _evaluate_iterable
    for r in iterable:
  File "D:\softinstaller\installpython\lib\site-packages\scrapy\spidermiddlewares\depth.py", line 58, in <genexpr>
    return (r for r in result or () if _filter(r))
  File "D:\softinstaller\installpython\lib\site-packages\scrapy\core\spidermw.py", line 62, in _evaluate_iterable
    for r in iterable:
  File "D:\工作\杨中林\学习资料\spider\day07\Maoyan\Maoyan\spiders\maoyan_request.py", line 36, in parse_film
    item.name = self.__get_value(dd, xpath_filmName)  # extract()
  File "D:\softinstaller\installpython\lib\site-packages\scrapy\item.py", line 111, in __setattr__
    raise AttributeError(f"Use item[{name!r}] = {value!r} to set field value")
AttributeError: Use item['name'] = '迁徙的鸟' to set field value
2020-11-09 13:08:57 [scrapy.core.scraper] ERROR: Spider error processing <GET https://maoyan.com/board/4?offset=90> (referer: None)
Traceback (most recent call last):
  File "D:\softinstaller\installpython\lib\site-packages\scrapy\utils\defer.py", line 120, in iter_errback
    yield next(it)
  File "D:\softinstaller\installpython\lib\site-packages\scrapy\utils\python.py", line 353, in __next__
    return next(self.data)
  File "D:\softinstaller\installpython\lib\site-packages\scrapy\utils\python.py", line 353, in __next__
    return next(self.data)
  File "D:\softinstaller\installpython\lib\site-packages\scrapy\core\spidermw.py", line 62, in _evaluate_iterable
    for r in iterable:
  File "D:\softinstaller\installpython\lib\site-packages\scrapy\spidermiddlewares\offsite.py", line 29, in process_spider_output
    for x in result:
  File "D:\softinstaller\installpython\lib\site-packages\scrapy\core\spidermw.py", line 62, in _evaluate_iterable
    for r in iterable:
  File "D:\softinstaller\installpython\lib\site-packages\scrapy\spidermiddlewares\referer.py", line 340, in <genexpr>
    return (_set_referer(r) for r in result or ())
  File "D:\softinstaller\installpython\lib\site-packages\scrapy\core\spidermw.py", line 62, in _evaluate_iterable
    for r in iterable:
  File "D:\softinstaller\installpython\lib\site-packages\scrapy\spidermiddlewares\urllength.py", line 37, in <genexpr>
    return (r for r in result or () if _filter(r))
  File "D:\softinstaller\installpython\lib\site-packages\scrapy\core\spidermw.py", line 62, in _evaluate_iterable
    for r in iterable:
  File "D:\softinstaller\installpython\lib\site-packages\scrapy\spidermiddlewares\depth.py", line 58, in <genexpr>
    return (r for r in result or () if _filter(r))
  File "D:\softinstaller\installpython\lib\site-packages\scrapy\core\spidermw.py", line 62, in _evaluate_iterable
    for r in iterable:
  File "D:\工作\杨中林\学习资料\spider\day07\Maoyan\Maoyan\spiders\maoyan_request.py", line 36, in parse_film
    item.name = self.__get_value(dd, xpath_filmName)  # extract()
  File "D:\softinstaller\installpython\lib\site-packages\scrapy\item.py", line 111, in __setattr__
    raise AttributeError(f"Use item[{name!r}] = {value!r} to set field value")
AttributeError: Use item['name'] = '阿飞正传' to set field value
2020-11-09 13:14:12 [scrapy.utils.log] INFO: Scrapy 2.4.0 started (bot: Maoyan)
2020-11-09 13:14:12 [scrapy.utils.log] INFO: Versions: lxml 4.6.1.0, libxml2 2.9.5, cssselect 1.1.0, parsel 1.6.0, w3lib 1.22.0, Twisted 20.3.0, Python 3.7.6 (tags/v3.7.6:43364a7ae0, Dec 19 2019, 00:42:30) [MSC v.1916 64 bit (AMD64)], pyOpenSSL 19.1.0 (OpenSSL 1.1.1h  22 Sep 2020), cryptography 3.2.1, Platform Windows-10-10.0.16299-SP0
2020-11-09 13:14:12 [scrapy.utils.log] DEBUG: Using reactor: twisted.internet.selectreactor.SelectReactor
2020-11-09 13:14:12 [scrapy.crawler] INFO: Overridden settings:
{'BOT_NAME': 'Maoyan',
 'LOG_FILE': 'maoyan.log',
 'NEWSPIDER_MODULE': 'Maoyan.spiders',
 'SPIDER_MODULES': ['Maoyan.spiders']}
2020-11-09 13:14:12 [scrapy.extensions.telnet] INFO: Telnet Password: b2af04d93a88a799
2020-11-09 13:14:12 [scrapy.middleware] INFO: Enabled extensions:
['scrapy.extensions.corestats.CoreStats',
 'scrapy.extensions.telnet.TelnetConsole',
 'scrapy.extensions.logstats.LogStats']
2020-11-09 13:14:13 [scrapy.middleware] INFO: Enabled downloader middlewares:
['scrapy.downloadermiddlewares.httpauth.HttpAuthMiddleware',
 'scrapy.downloadermiddlewares.downloadtimeout.DownloadTimeoutMiddleware',
 'scrapy.downloadermiddlewares.defaultheaders.DefaultHeadersMiddleware',
 'scrapy.downloadermiddlewares.useragent.UserAgentMiddleware',
 'scrapy.downloadermiddlewares.retry.RetryMiddleware',
 'scrapy.downloadermiddlewares.redirect.MetaRefreshMiddleware',
 'scrapy.downloadermiddlewares.httpcompression.HttpCompressionMiddleware',
 'scrapy.downloadermiddlewares.redirect.RedirectMiddleware',
 'scrapy.downloadermiddlewares.cookies.CookiesMiddleware',
 'scrapy.downloadermiddlewares.httpproxy.HttpProxyMiddleware',
 'scrapy.downloadermiddlewares.stats.DownloaderStats']
2020-11-09 13:14:13 [scrapy.middleware] INFO: Enabled spider middlewares:
['scrapy.spidermiddlewares.httperror.HttpErrorMiddleware',
 'scrapy.spidermiddlewares.offsite.OffsiteMiddleware',
 'scrapy.spidermiddlewares.referer.RefererMiddleware',
 'scrapy.spidermiddlewares.urllength.UrlLengthMiddleware',
 'scrapy.spidermiddlewares.depth.DepthMiddleware']
2020-11-09 13:14:13 [scrapy.middleware] INFO: Enabled item pipelines:
['Maoyan.pipelines.MaoyanPipeline']
2020-11-09 13:14:13 [scrapy.core.engine] INFO: Spider opened
2020-11-09 13:14:13 [scrapy.extensions.logstats] INFO: Crawled 0 pages (at 0 pages/min), scraped 0 items (at 0 items/min)
2020-11-09 13:14:13 [scrapy.extensions.telnet] INFO: Telnet console listening on 127.0.0.1:6023
2020-11-09 13:14:13 [scrapy.core.engine] DEBUG: Crawled (200) <GET https://maoyan.com/board/4?offset=30> (referer: None)
2020-11-09 13:14:13 [scrapy.core.engine] DEBUG: Crawled (200) <GET https://maoyan.com/board/4?offset=50> (referer: None)
2020-11-09 13:14:13 [scrapy.core.engine] DEBUG: Crawled (200) <GET https://maoyan.com/board/4?offset=10> (referer: None)
2020-11-09 13:14:13 [scrapy.core.engine] DEBUG: Crawled (200) <GET https://maoyan.com/board/4?offset=40> (referer: None)
2020-11-09 13:14:13 [scrapy.core.engine] DEBUG: Crawled (200) <GET https://maoyan.com/board/4?offset=20> (referer: None)
2020-11-09 13:14:13 [scrapy.core.engine] DEBUG: Crawled (200) <GET https://maoyan.com/board/4?offset=0> (referer: None)
2020-11-09 13:14:13 [scrapy.core.engine] DEBUG: Crawled (200) <GET https://maoyan.com/board/4?offset=70> (referer: None)
2020-11-09 13:14:13 [scrapy.core.engine] DEBUG: Crawled (200) <GET https://maoyan.com/board/4?offset=60> (referer: None)
2020-11-09 13:14:13 [scrapy.core.scraper] ERROR: Spider error processing <GET https://maoyan.com/board/4?offset=30> (referer: None)
Traceback (most recent call last):
  File "D:\softinstaller\installpython\lib\site-packages\scrapy\utils\defer.py", line 120, in iter_errback
    yield next(it)
  File "D:\softinstaller\installpython\lib\site-packages\scrapy\utils\python.py", line 353, in __next__
    return next(self.data)
  File "D:\softinstaller\installpython\lib\site-packages\scrapy\utils\python.py", line 353, in __next__
    return next(self.data)
  File "D:\softinstaller\installpython\lib\site-packages\scrapy\core\spidermw.py", line 62, in _evaluate_iterable
    for r in iterable:
  File "D:\softinstaller\installpython\lib\site-packages\scrapy\spidermiddlewares\offsite.py", line 29, in process_spider_output
    for x in result:
  File "D:\softinstaller\installpython\lib\site-packages\scrapy\core\spidermw.py", line 62, in _evaluate_iterable
    for r in iterable:
  File "D:\softinstaller\installpython\lib\site-packages\scrapy\spidermiddlewares\referer.py", line 340, in <genexpr>
    return (_set_referer(r) for r in result or ())
  File "D:\softinstaller\installpython\lib\site-packages\scrapy\core\spidermw.py", line 62, in _evaluate_iterable
    for r in iterable:
  File "D:\softinstaller\installpython\lib\site-packages\scrapy\spidermiddlewares\urllength.py", line 37, in <genexpr>
    return (r for r in result or () if _filter(r))
  File "D:\softinstaller\installpython\lib\site-packages\scrapy\core\spidermw.py", line 62, in _evaluate_iterable
    for r in iterable:
  File "D:\softinstaller\installpython\lib\site-packages\scrapy\spidermiddlewares\depth.py", line 58, in <genexpr>
    return (r for r in result or () if _filter(r))
  File "D:\softinstaller\installpython\lib\site-packages\scrapy\core\spidermw.py", line 62, in _evaluate_iterable
    for r in iterable:
  File "D:\工作\杨中林\学习资料\spider\day07\Maoyan\Maoyan\spiders\maoyan_request.py", line 36, in parse_film
    item.name = self.__get_value(dd, xpath_filmName)  # extract()
  File "D:\softinstaller\installpython\lib\site-packages\scrapy\item.py", line 111, in __setattr__
    raise AttributeError(f"Use item[{name!r}] = {value!r} to set field value")
AttributeError: Use item['name'] = '迁徙的鸟' to set field value
2020-11-09 13:14:13 [scrapy.core.engine] DEBUG: Crawled (200) <GET https://maoyan.com/board/4?offset=90> (referer: None)
2020-11-09 13:14:13 [scrapy.core.scraper] ERROR: Spider error processing <GET https://maoyan.com/board/4?offset=50> (referer: None)
Traceback (most recent call last):
  File "D:\softinstaller\installpython\lib\site-packages\scrapy\utils\defer.py", line 120, in iter_errback
    yield next(it)
  File "D:\softinstaller\installpython\lib\site-packages\scrapy\utils\python.py", line 353, in __next__
    return next(self.data)
  File "D:\softinstaller\installpython\lib\site-packages\scrapy\utils\python.py", line 353, in __next__
    return next(self.data)
  File "D:\softinstaller\installpython\lib\site-packages\scrapy\core\spidermw.py", line 62, in _evaluate_iterable
    for r in iterable:
  File "D:\softinstaller\installpython\lib\site-packages\scrapy\spidermiddlewares\offsite.py", line 29, in process_spider_output
    for x in result:
  File "D:\softinstaller\installpython\lib\site-packages\scrapy\core\spidermw.py", line 62, in _evaluate_iterable
    for r in iterable:
  File "D:\softinstaller\installpython\lib\site-packages\scrapy\spidermiddlewares\referer.py", line 340, in <genexpr>
    return (_set_referer(r) for r in result or ())
  File "D:\softinstaller\installpython\lib\site-packages\scrapy\core\spidermw.py", line 62, in _evaluate_iterable
    for r in iterable:
  File "D:\softinstaller\installpython\lib\site-packages\scrapy\spidermiddlewares\urllength.py", line 37, in <genexpr>
    return (r for r in result or () if _filter(r))
  File "D:\softinstaller\installpython\lib\site-packages\scrapy\core\spidermw.py", line 62, in _evaluate_iterable
    for r in iterable:
  File "D:\softinstaller\installpython\lib\site-packages\scrapy\spidermiddlewares\depth.py", line 58, in <genexpr>
    return (r for r in result or () if _filter(r))
  File "D:\softinstaller\installpython\lib\site-packages\scrapy\core\spidermw.py", line 62, in _evaluate_iterable
    for r in iterable:
  File "D:\工作\杨中林\学习资料\spider\day07\Maoyan\Maoyan\spiders\maoyan_request.py", line 36, in parse_film
    item.name = self.__get_value(dd, xpath_filmName)  # extract()
  File "D:\softinstaller\installpython\lib\site-packages\scrapy\item.py", line 111, in __setattr__
    raise AttributeError(f"Use item[{name!r}] = {value!r} to set field value")
AttributeError: Use item['name'] = '本杰明·巴顿奇事' to set field value
2020-11-09 13:14:13 [scrapy.core.scraper] ERROR: Spider error processing <GET https://maoyan.com/board/4?offset=10> (referer: None)
Traceback (most recent call last):
  File "D:\softinstaller\installpython\lib\site-packages\scrapy\utils\defer.py", line 120, in iter_errback
    yield next(it)
  File "D:\softinstaller\installpython\lib\site-packages\scrapy\utils\python.py", line 353, in __next__
    return next(self.data)
  File "D:\softinstaller\installpython\lib\site-packages\scrapy\utils\python.py", line 353, in __next__
    return next(self.data)
  File "D:\softinstaller\installpython\lib\site-packages\scrapy\core\spidermw.py", line 62, in _evaluate_iterable
    for r in iterable:
  File "D:\softinstaller\installpython\lib\site-packages\scrapy\spidermiddlewares\offsite.py", line 29, in process_spider_output
    for x in result:
  File "D:\softinstaller\installpython\lib\site-packages\scrapy\core\spidermw.py", line 62, in _evaluate_iterable
    for r in iterable:
  File "D:\softinstaller\installpython\lib\site-packages\scrapy\spidermiddlewares\referer.py", line 340, in <genexpr>
    return (_set_referer(r) for r in result or ())
  File "D:\softinstaller\installpython\lib\site-packages\scrapy\core\spidermw.py", line 62, in _evaluate_iterable
    for r in iterable:
  File "D:\softinstaller\installpython\lib\site-packages\scrapy\spidermiddlewares\urllength.py", line 37, in <genexpr>
    return (r for r in result or () if _filter(r))
  File "D:\softinstaller\installpython\lib\site-packages\scrapy\core\spidermw.py", line 62, in _evaluate_iterable
    for r in iterable:
  File "D:\softinstaller\installpython\lib\site-packages\scrapy\spidermiddlewares\depth.py", line 58, in <genexpr>
    return (r for r in result or () if _filter(r))
  File "D:\softinstaller\installpython\lib\site-packages\scrapy\core\spidermw.py", line 62, in _evaluate_iterable
    for r in iterable:
  File "D:\工作\杨中林\学习资料\spider\day07\Maoyan\Maoyan\spiders\maoyan_request.py", line 36, in parse_film
    item.name = self.__get_value(dd, xpath_filmName)  # extract()
  File "D:\softinstaller\installpython\lib\site-packages\scrapy\item.py", line 111, in __setattr__
    raise AttributeError(f"Use item[{name!r}] = {value!r} to set field value")
AttributeError: Use item['name'] = '疯狂原始人' to set field value
2020-11-09 13:14:13 [scrapy.core.engine] DEBUG: Crawled (200) <GET https://maoyan.com/board/4?offset=80> (referer: None)
2020-11-09 13:14:13 [scrapy.core.scraper] ERROR: Spider error processing <GET https://maoyan.com/board/4?offset=40> (referer: None)
Traceback (most recent call last):
  File "D:\softinstaller\installpython\lib\site-packages\scrapy\utils\defer.py", line 120, in iter_errback
    yield next(it)
  File "D:\softinstaller\installpython\lib\site-packages\scrapy\utils\python.py", line 353, in __next__
    return next(self.data)
  File "D:\softinstaller\installpython\lib\site-packages\scrapy\utils\python.py", line 353, in __next__
    return next(self.data)
  File "D:\softinstaller\installpython\lib\site-packages\scrapy\core\spidermw.py", line 62, in _evaluate_iterable
    for r in iterable:
  File "D:\softinstaller\installpython\lib\site-packages\scrapy\spidermiddlewares\offsite.py", line 29, in process_spider_output
    for x in result:
  File "D:\softinstaller\installpython\lib\site-packages\scrapy\core\spidermw.py", line 62, in _evaluate_iterable
    for r in iterable:
  File "D:\softinstaller\installpython\lib\site-packages\scrapy\spidermiddlewares\referer.py", line 340, in <genexpr>
    return (_set_referer(r) for r in result or ())
  File "D:\softinstaller\installpython\lib\site-packages\scrapy\core\spidermw.py", line 62, in _evaluate_iterable
    for r in iterable:
  File "D:\softinstaller\installpython\lib\site-packages\scrapy\spidermiddlewares\urllength.py", line 37, in <genexpr>
    return (r for r in result or () if _filter(r))
  File "D:\softinstaller\installpython\lib\site-packages\scrapy\core\spidermw.py", line 62, in _evaluate_iterable
    for r in iterable:
  File "D:\softinstaller\installpython\lib\site-packages\scrapy\spidermiddlewares\depth.py", line 58, in <genexpr>
    return (r for r in result or () if _filter(r))
  File "D:\softinstaller\installpython\lib\site-packages\scrapy\core\spidermw.py", line 62, in _evaluate_iterable
    for r in iterable:
  File "D:\工作\杨中林\学习资料\spider\day07\Maoyan\Maoyan\spiders\maoyan_request.py", line 36, in parse_film
    item.name = self.__get_value(dd, xpath_filmName)  # extract()
  File "D:\softinstaller\installpython\lib\site-packages\scrapy\item.py", line 111, in __setattr__
    raise AttributeError(f"Use item[{name!r}] = {value!r} to set field value")
AttributeError: Use item['name'] = '活着' to set field value
2020-11-09 13:14:13 [scrapy.core.scraper] ERROR: Spider error processing <GET https://maoyan.com/board/4?offset=20> (referer: None)
Traceback (most recent call last):
  File "D:\softinstaller\installpython\lib\site-packages\scrapy\utils\defer.py", line 120, in iter_errback
    yield next(it)
  File "D:\softinstaller\installpython\lib\site-packages\scrapy\utils\python.py", line 353, in __next__
    return next(self.data)
  File "D:\softinstaller\installpython\lib\site-packages\scrapy\utils\python.py", line 353, in __next__
    return next(self.data)
  File "D:\softinstaller\installpython\lib\site-packages\scrapy\core\spidermw.py", line 62, in _evaluate_iterable
    for r in iterable:
  File "D:\softinstaller\installpython\lib\site-packages\scrapy\spidermiddlewares\offsite.py", line 29, in process_spider_output
    for x in result:
  File "D:\softinstaller\installpython\lib\site-packages\scrapy\core\spidermw.py", line 62, in _evaluate_iterable
    for r in iterable:
  File "D:\softinstaller\installpython\lib\site-packages\scrapy\spidermiddlewares\referer.py", line 340, in <genexpr>
    return (_set_referer(r) for r in result or ())
  File "D:\softinstaller\installpython\lib\site-packages\scrapy\core\spidermw.py", line 62, in _evaluate_iterable
    for r in iterable:
  File "D:\softinstaller\installpython\lib\site-packages\scrapy\spidermiddlewares\urllength.py", line 37, in <genexpr>
    return (r for r in result or () if _filter(r))
  File "D:\softinstaller\installpython\lib\site-packages\scrapy\core\spidermw.py", line 62, in _evaluate_iterable
    for r in iterable:
  File "D:\softinstaller\installpython\lib\site-packages\scrapy\spidermiddlewares\depth.py", line 58, in <genexpr>
    return (r for r in result or () if _filter(r))
  File "D:\softinstaller\installpython\lib\site-packages\scrapy\core\spidermw.py", line 62, in _evaluate_iterable
    for r in iterable:
  File "D:\工作\杨中林\学习资料\spider\day07\Maoyan\Maoyan\spiders\maoyan_request.py", line 36, in parse_film
    item.name = self.__get_value(dd, xpath_filmName)  # extract()
  File "D:\softinstaller\installpython\lib\site-packages\scrapy\item.py", line 111, in __setattr__
    raise AttributeError(f"Use item[{name!r}] = {value!r} to set field value")
AttributeError: Use item['name'] = '飞越疯人院' to set field value
2020-11-09 13:14:13 [scrapy.core.scraper] ERROR: Spider error processing <GET https://maoyan.com/board/4?offset=0> (referer: None)
Traceback (most recent call last):
  File "D:\softinstaller\installpython\lib\site-packages\scrapy\utils\defer.py", line 120, in iter_errback
    yield next(it)
  File "D:\softinstaller\installpython\lib\site-packages\scrapy\utils\python.py", line 353, in __next__
    return next(self.data)
  File "D:\softinstaller\installpython\lib\site-packages\scrapy\utils\python.py", line 353, in __next__
    return next(self.data)
  File "D:\softinstaller\installpython\lib\site-packages\scrapy\core\spidermw.py", line 62, in _evaluate_iterable
    for r in iterable:
  File "D:\softinstaller\installpython\lib\site-packages\scrapy\spidermiddlewares\offsite.py", line 29, in process_spider_output
    for x in result:
  File "D:\softinstaller\installpython\lib\site-packages\scrapy\core\spidermw.py", line 62, in _evaluate_iterable
    for r in iterable:
  File "D:\softinstaller\installpython\lib\site-packages\scrapy\spidermiddlewares\referer.py", line 340, in <genexpr>
    return (_set_referer(r) for r in result or ())
  File "D:\softinstaller\installpython\lib\site-packages\scrapy\core\spidermw.py", line 62, in _evaluate_iterable
    for r in iterable:
  File "D:\softinstaller\installpython\lib\site-packages\scrapy\spidermiddlewares\urllength.py", line 37, in <genexpr>
    return (r for r in result or () if _filter(r))
  File "D:\softinstaller\installpython\lib\site-packages\scrapy\core\spidermw.py", line 62, in _evaluate_iterable
    for r in iterable:
  File "D:\softinstaller\installpython\lib\site-packages\scrapy\spidermiddlewares\depth.py", line 58, in <genexpr>
    return (r for r in result or () if _filter(r))
  File "D:\softinstaller\installpython\lib\site-packages\scrapy\core\spidermw.py", line 62, in _evaluate_iterable
    for r in iterable:
  File "D:\工作\杨中林\学习资料\spider\day07\Maoyan\Maoyan\spiders\maoyan_request.py", line 36, in parse_film
    item.name = self.__get_value(dd, xpath_filmName)  # extract()
  File "D:\softinstaller\installpython\lib\site-packages\scrapy\item.py", line 111, in __setattr__
    raise AttributeError(f"Use item[{name!r}] = {value!r} to set field value")
AttributeError: Use item['name'] = '射雕英雄传之东成西就' to set field value
2020-11-09 13:14:13 [scrapy.core.scraper] ERROR: Spider error processing <GET https://maoyan.com/board/4?offset=70> (referer: None)
Traceback (most recent call last):
  File "D:\softinstaller\installpython\lib\site-packages\scrapy\utils\defer.py", line 120, in iter_errback
    yield next(it)
  File "D:\softinstaller\installpython\lib\site-packages\scrapy\utils\python.py", line 353, in __next__
    return next(self.data)
  File "D:\softinstaller\installpython\lib\site-packages\scrapy\utils\python.py", line 353, in __next__
    return next(self.data)
  File "D:\softinstaller\installpython\lib\site-packages\scrapy\core\spidermw.py", line 62, in _evaluate_iterable
    for r in iterable:
  File "D:\softinstaller\installpython\lib\site-packages\scrapy\spidermiddlewares\offsite.py", line 29, in process_spider_output
    for x in result:
  File "D:\softinstaller\installpython\lib\site-packages\scrapy\core\spidermw.py", line 62, in _evaluate_iterable
    for r in iterable:
  File "D:\softinstaller\installpython\lib\site-packages\scrapy\spidermiddlewares\referer.py", line 340, in <genexpr>
    return (_set_referer(r) for r in result or ())
  File "D:\softinstaller\installpython\lib\site-packages\scrapy\core\spidermw.py", line 62, in _evaluate_iterable
    for r in iterable:
  File "D:\softinstaller\installpython\lib\site-packages\scrapy\spidermiddlewares\urllength.py", line 37, in <genexpr>
    return (r for r in result or () if _filter(r))
  File "D:\softinstaller\installpython\lib\site-packages\scrapy\core\spidermw.py", line 62, in _evaluate_iterable
    for r in iterable:
  File "D:\softinstaller\installpython\lib\site-packages\scrapy\spidermiddlewares\depth.py", line 58, in <genexpr>
    return (r for r in result or () if _filter(r))
  File "D:\softinstaller\installpython\lib\site-packages\scrapy\core\spidermw.py", line 62, in _evaluate_iterable
    for r in iterable:
  File "D:\工作\杨中林\学习资料\spider\day07\Maoyan\Maoyan\spiders\maoyan_request.py", line 36, in parse_film
    item.name = self.__get_value(dd, xpath_filmName)  # extract()
  File "D:\softinstaller\installpython\lib\site-packages\scrapy\item.py", line 111, in __setattr__
    raise AttributeError(f"Use item[{name!r}] = {value!r} to set field value")
AttributeError: Use item['name'] = '无敌破坏王' to set field value
2020-11-09 13:14:13 [scrapy.core.scraper] ERROR: Spider error processing <GET https://maoyan.com/board/4?offset=60> (referer: None)
Traceback (most recent call last):
  File "D:\softinstaller\installpython\lib\site-packages\scrapy\utils\defer.py", line 120, in iter_errback
    yield next(it)
  File "D:\softinstaller\installpython\lib\site-packages\scrapy\utils\python.py", line 353, in __next__
    return next(self.data)
  File "D:\softinstaller\installpython\lib\site-packages\scrapy\utils\python.py", line 353, in __next__
    return next(self.data)
  File "D:\softinstaller\installpython\lib\site-packages\scrapy\core\spidermw.py", line 62, in _evaluate_iterable
    for r in iterable:
  File "D:\softinstaller\installpython\lib\site-packages\scrapy\spidermiddlewares\offsite.py", line 29, in process_spider_output
    for x in result:
  File "D:\softinstaller\installpython\lib\site-packages\scrapy\core\spidermw.py", line 62, in _evaluate_iterable
    for r in iterable:
  File "D:\softinstaller\installpython\lib\site-packages\scrapy\spidermiddlewares\referer.py", line 340, in <genexpr>
    return (_set_referer(r) for r in result or ())
  File "D:\softinstaller\installpython\lib\site-packages\scrapy\core\spidermw.py", line 62, in _evaluate_iterable
    for r in iterable:
  File "D:\softinstaller\installpython\lib\site-packages\scrapy\spidermiddlewares\urllength.py", line 37, in <genexpr>
    return (r for r in result or () if _filter(r))
  File "D:\softinstaller\installpython\lib\site-packages\scrapy\core\spidermw.py", line 62, in _evaluate_iterable
    for r in iterable:
  File "D:\softinstaller\installpython\lib\site-packages\scrapy\spidermiddlewares\depth.py", line 58, in <genexpr>
    return (r for r in result or () if _filter(r))
  File "D:\softinstaller\installpython\lib\site-packages\scrapy\core\spidermw.py", line 62, in _evaluate_iterable
    for r in iterable:
  File "D:\工作\杨中林\学习资料\spider\day07\Maoyan\Maoyan\spiders\maoyan_request.py", line 36, in parse_film
    item.name = self.__get_value(dd, xpath_filmName)  # extract()
  File "D:\softinstaller\installpython\lib\site-packages\scrapy\item.py", line 111, in __setattr__
    raise AttributeError(f"Use item[{name!r}] = {value!r} to set field value")
AttributeError: Use item['name'] = '大话西游之月光宝盒' to set field value
2020-11-09 13:14:13 [scrapy.core.scraper] ERROR: Spider error processing <GET https://maoyan.com/board/4?offset=90> (referer: None)
Traceback (most recent call last):
  File "D:\softinstaller\installpython\lib\site-packages\scrapy\utils\defer.py", line 120, in iter_errback
    yield next(it)
  File "D:\softinstaller\installpython\lib\site-packages\scrapy\utils\python.py", line 353, in __next__
    return next(self.data)
  File "D:\softinstaller\installpython\lib\site-packages\scrapy\utils\python.py", line 353, in __next__
    return next(self.data)
  File "D:\softinstaller\installpython\lib\site-packages\scrapy\core\spidermw.py", line 62, in _evaluate_iterable
    for r in iterable:
  File "D:\softinstaller\installpython\lib\site-packages\scrapy\spidermiddlewares\offsite.py", line 29, in process_spider_output
    for x in result:
  File "D:\softinstaller\installpython\lib\site-packages\scrapy\core\spidermw.py", line 62, in _evaluate_iterable
    for r in iterable:
  File "D:\softinstaller\installpython\lib\site-packages\scrapy\spidermiddlewares\referer.py", line 340, in <genexpr>
    return (_set_referer(r) for r in result or ())
  File "D:\softinstaller\installpython\lib\site-packages\scrapy\core\spidermw.py", line 62, in _evaluate_iterable
    for r in iterable:
  File "D:\softinstaller\installpython\lib\site-packages\scrapy\spidermiddlewares\urllength.py", line 37, in <genexpr>
    return (r for r in result or () if _filter(r))
  File "D:\softinstaller\installpython\lib\site-packages\scrapy\core\spidermw.py", line 62, in _evaluate_iterable
    for r in iterable:
  File "D:\softinstaller\installpython\lib\site-packages\scrapy\spidermiddlewares\depth.py", line 58, in <genexpr>
    return (r for r in result or () if _filter(r))
  File "D:\softinstaller\installpython\lib\site-packages\scrapy\core\spidermw.py", line 62, in _evaluate_iterable
    for r in iterable:
  File "D:\工作\杨中林\学习资料\spider\day07\Maoyan\Maoyan\spiders\maoyan_request.py", line 36, in parse_film
    item.name = self.__get_value(dd, xpath_filmName)  # extract()
  File "D:\softinstaller\installpython\lib\site-packages\scrapy\item.py", line 111, in __setattr__
    raise AttributeError(f"Use item[{name!r}] = {value!r} to set field value")
AttributeError: Use item['name'] = '阿飞正传' to set field value
2020-11-09 13:14:13 [scrapy.core.scraper] ERROR: Spider error processing <GET https://maoyan.com/board/4?offset=80> (referer: None)
Traceback (most recent call last):
  File "D:\softinstaller\installpython\lib\site-packages\scrapy\utils\defer.py", line 120, in iter_errback
    yield next(it)
  File "D:\softinstaller\installpython\lib\site-packages\scrapy\utils\python.py", line 353, in __next__
    return next(self.data)
  File "D:\softinstaller\installpython\lib\site-packages\scrapy\utils\python.py", line 353, in __next__
    return next(self.data)
  File "D:\softinstaller\installpython\lib\site-packages\scrapy\core\spidermw.py", line 62, in _evaluate_iterable
    for r in iterable:
  File "D:\softinstaller\installpython\lib\site-packages\scrapy\spidermiddlewares\offsite.py", line 29, in process_spider_output
    for x in result:
  File "D:\softinstaller\installpython\lib\site-packages\scrapy\core\spidermw.py", line 62, in _evaluate_iterable
    for r in iterable:
  File "D:\softinstaller\installpython\lib\site-packages\scrapy\spidermiddlewares\referer.py", line 340, in <genexpr>
    return (_set_referer(r) for r in result or ())
  File "D:\softinstaller\installpython\lib\site-packages\scrapy\core\spidermw.py", line 62, in _evaluate_iterable
    for r in iterable:
  File "D:\softinstaller\installpython\lib\site-packages\scrapy\spidermiddlewares\urllength.py", line 37, in <genexpr>
    return (r for r in result or () if _filter(r))
  File "D:\softinstaller\installpython\lib\site-packages\scrapy\core\spidermw.py", line 62, in _evaluate_iterable
    for r in iterable:
  File "D:\softinstaller\installpython\lib\site-packages\scrapy\spidermiddlewares\depth.py", line 58, in <genexpr>
    return (r for r in result or () if _filter(r))
  File "D:\softinstaller\installpython\lib\site-packages\scrapy\core\spidermw.py", line 62, in _evaluate_iterable
    for r in iterable:
  File "D:\工作\杨中林\学习资料\spider\day07\Maoyan\Maoyan\spiders\maoyan_request.py", line 36, in parse_film
    item.name = self.__get_value(dd, xpath_filmName)  # extract()
  File "D:\softinstaller\installpython\lib\site-packages\scrapy\item.py", line 111, in __setattr__
    raise AttributeError(f"Use item[{name!r}] = {value!r} to set field value")
AttributeError: Use item['name'] = '穿条纹睡衣的男孩' to set field value
2020-11-09 13:14:13 [scrapy.core.engine] INFO: Closing spider (finished)
2020-11-09 13:14:13 [scrapy.statscollectors] INFO: Dumping Scrapy stats:
{'downloader/request_bytes': 3079,
 'downloader/request_count': 10,
 'downloader/request_method_count/GET': 10,
 'downloader/response_bytes': 66191,
 'downloader/response_count': 10,
 'downloader/response_status_count/200': 10,
 'elapsed_time_seconds': 0.565953,
 'finish_reason': 'finished',
 'finish_time': datetime.datetime(2020, 11, 9, 5, 14, 13, 660754),
 'log_count/DEBUG': 10,
 'log_count/ERROR': 10,
 'log_count/INFO': 10,
 'response_received_count': 10,
 'scheduler/dequeued': 10,
 'scheduler/dequeued/memory': 10,
 'scheduler/enqueued': 10,
 'scheduler/enqueued/memory': 10,
 'spider_exceptions/AttributeError': 10,
 'start_time': datetime.datetime(2020, 11, 9, 5, 14, 13, 94801)}
2020-11-09 13:14:13 [scrapy.core.engine] INFO: Spider closed (finished)
